0 info it worked if it ends with ok
1 verbose cli [
1 verbose cli   '/usr/local/bin/node',
1 verbose cli   '/usr/local/bin/npm',
1 verbose cli   'install',
1 verbose cli   '--ignore-scripts',
1 verbose cli   '@types/accepts@ts3.6',
1 verbose cli   '@types/are-we-there-yet@ts3.6',
1 verbose cli   '@types/argparse@ts3.6',
1 verbose cli   '@types/asn1@ts3.6',
1 verbose cli   '@types/assert-plus@ts3.6',
1 verbose cli   '@types/autosize@ts3.6',
1 verbose cli   '@types/aws4@ts3.6',
1 verbose cli   '@types/babel-plugin-syntax-jsx@ts3.6',
1 verbose cli   '@types/balanced-match@ts3.6',
1 verbose cli   '@types/bent@ts3.6',
1 verbose cli   '@types/bindings@ts3.6',
1 verbose cli   '@types/body-parser@ts3.6',
1 verbose cli   '@types/brace-expansion@ts3.6',
1 verbose cli   '@types/buffer-crc32@ts3.6',
1 verbose cli   '@types/buffers@ts3.6',
1 verbose cli   '@types/byline@ts3.6',
1 verbose cli   '@types/bytes@ts3.6',
1 verbose cli   '@types/caseless@ts3.6',
1 verbose cli   '@types/checksum@ts3.6',
1 verbose cli   '@types/chownr@ts3.6',
1 verbose cli   '@types/color-convert@ts3.6',
1 verbose cli   '@types/color-name@ts3.6',
1 verbose cli   '@types/combined-stream@ts3.6',
1 verbose cli   '@types/concat-map@ts3.6',
1 verbose cli   '@types/content-disposition@ts3.6',
1 verbose cli   '@types/content-type@ts3.6',
1 verbose cli   '@types/cookie@ts3.6',
1 verbose cli   '@types/cookie-signature@ts3.6',
1 verbose cli   '@types/css-to-react-native@ts3.6',
1 verbose cli   '@types/dashdash@ts3.6',
1 verbose cli   '@types/debug@ts3.6',
1 verbose cli   '@types/decompress@ts3.6',
1 verbose cli   '@types/deep-extend@ts3.6',
1 verbose cli   '@types/delegates@ts3.6',
1 verbose cli   '@types/depd@ts3.6',
1 verbose cli   '@types/destroy@ts3.6',
1 verbose cli   '@types/detect-libc@ts3.6',
1 verbose cli   '@types/diff@ts3.6',
1 verbose cli   '@types/dir-glob@ts3.6',
1 verbose cli   '@types/dompurify@ts3.6',
1 verbose cli   '@types/drivelist@ts3.6',
1 verbose cli   '@types/ee-first@ts3.6',
1 verbose cli   '@types/encodeurl@ts3.6',
1 verbose cli   '@types/end-of-stream@ts3.6',
1 verbose cli   '@types/escape-html@ts3.6',
1 verbose cli   '@types/etag@ts3.6',
1 verbose cli   '@types/event-stream@ts3.6',
1 verbose cli   '@types/extend@ts3.6',
1 verbose cli   '@types/extsprintf@ts3.6',
1 verbose cli   '@types/finalhandler@ts3.6',
1 verbose cli   '@types/forever-agent@ts3.6',
1 verbose cli   '@types/forwarded@ts3.6',
1 verbose cli   '@types/fresh@ts3.6',
1 verbose cli   '@types/from@ts3.6',
1 verbose cli   '@types/fs-extra@ts3.6',
1 verbose cli   '@types/fs-minipass@ts3.6',
1 verbose cli   '@types/gauge@ts3.6',
1 verbose cli   '@types/getpass@ts3.6',
1 verbose cli   '@types/graceful-fs@ts3.6',
1 verbose cli   '@types/http-errors@ts3.6',
1 verbose cli   '@types/imurmurhash@ts3.6',
1 verbose cli   '@types/inherits@ts3.6',
1 verbose cli   '@types/ini@ts3.6',
1 verbose cli   '@types/is-natural-number@ts3.6',
1 verbose cli   '@types/is-typedarray@ts3.6',
1 verbose cli   '@types/isarray@ts3.6',
1 verbose cli   '@types/isexe@ts3.6',
1 verbose cli   '@types/isstream@ts3.6',
1 verbose cli   '@types/jsbn@ts3.6',
1 verbose cli   '@types/json-schema@ts3.6',
1 verbose cli   '@types/json-stringify-safe@ts3.6',
1 verbose cli   '@types/jsonfile@ts3.6',
1 verbose cli   '@types/jsprim@ts3.6',
1 verbose cli   '@types/linkify-it@ts3.6',
1 verbose cli   '@types/lodash@ts3.6',
1 verbose cli   '@types/lodash.clonedeep@ts3.6',
1 verbose cli   '@types/lodash.debounce@ts3.6',
1 verbose cli   '@types/lodash.throttle@ts3.6',
1 verbose cli   '@types/map-stream@ts3.6',
1 verbose cli   '@types/markdown-it@ts3.6',
1 verbose cli   '@types/mdurl@ts3.6',
1 verbose cli   '@types/media-typer@ts3.6',
1 verbose cli   '@types/merge-descriptors@ts3.6',
1 verbose cli   '@types/methods@ts3.6',
1 verbose cli   '@types/mime@ts3.6',
1 verbose cli   '@types/mime-db@ts3.6',
1 verbose cli   '@types/mime-types@ts3.6',
1 verbose cli   '@types/minimist@ts3.6',
1 verbose cli   '@types/minizlib@ts3.6',
1 verbose cli   '@types/ms@ts3.6',
1 verbose cli   '@types/negotiator@ts3.6',
1 verbose cli   '@types/nested-error-stacks@ts3.6',
1 verbose cli   '@types/node-abi@ts3.6',
1 verbose cli   '@types/npmlog@ts3.6',
1 verbose cli   '@types/number-is-nan@ts3.6',
1 verbose cli   '@types/object-assign@ts3.6',
1 verbose cli   ... 78 more items
1 verbose cli ]
2 info using npm@6.14.6
3 info using node@v12.18.3
4 verbose npm-session f351a817ebaeb6b9
5 silly install loadCurrentTree
6 silly install readLocalPackageData
7 http fetch GET 304 https://registry.npmjs.org/@types%2fassert-plus 288ms (from cache)
8 http fetch GET 304 https://registry.npmjs.org/@types%2faws4 288ms (from cache)
9 http fetch GET 304 https://registry.npmjs.org/@types%2fbalanced-match 282ms (from cache)
10 http fetch GET 304 https://registry.npmjs.org/@types%2fasn1 296ms (from cache)
11 http fetch GET 304 https://registry.npmjs.org/@types%2faccepts 300ms (from cache)
12 silly pacote tag manifest for @types/assert-plus@ts3.6 fetched in 296ms
13 silly pacote tag manifest for @types/aws4@ts3.6 fetched in 300ms
14 silly pacote tag manifest for @types/balanced-match@ts3.6 fetched in 295ms
15 silly pacote tag manifest for @types/asn1@ts3.6 fetched in 309ms
16 silly pacote tag manifest for @types/accepts@ts3.6 fetched in 317ms
17 http fetch GET 304 https://registry.npmjs.org/@types%2fbabel-plugin-syntax-jsx 311ms (from cache)
18 http fetch GET 304 https://registry.npmjs.org/@types%2fare-we-there-yet 328ms (from cache)
19 silly pacote tag manifest for @types/babel-plugin-syntax-jsx@ts3.6 fetched in 321ms
20 http fetch GET 304 https://registry.npmjs.org/@types%2fargparse 330ms (from cache)
21 silly pacote tag manifest for @types/are-we-there-yet@ts3.6 fetched in 332ms
22 silly pacote tag manifest for @types/argparse@ts3.6 fetched in 334ms
23 http fetch GET 304 https://registry.npmjs.org/@types%2fbody-parser 65ms (from cache)
24 silly pacote tag manifest for @types/body-parser@ts3.6 fetched in 67ms
25 http fetch GET 304 https://registry.npmjs.org/@types%2fcaseless 179ms (from cache)
26 silly pacote tag manifest for @types/caseless@ts3.6 fetched in 180ms
27 http fetch GET 304 https://registry.npmjs.org/@types%2fchownr 74ms (from cache)
28 silly pacote tag manifest for @types/chownr@ts3.6 fetched in 76ms
29 http fetch GET 304 https://registry.npmjs.org/@types%2fbytes 314ms (from cache)
30 silly pacote tag manifest for @types/bytes@ts3.6 fetched in 315ms
31 http fetch GET 304 https://registry.npmjs.org/@types%2fcolor-convert 83ms (from cache)
32 silly pacote tag manifest for @types/color-convert@ts3.6 fetched in 87ms
33 http fetch GET 304 https://registry.npmjs.org/@types%2fcolor-name 63ms (from cache)
34 silly pacote tag manifest for @types/color-name@ts3.6 fetched in 66ms
35 http fetch GET 304 https://registry.npmjs.org/@types%2fcombined-stream 55ms (from cache)
36 silly pacote tag manifest for @types/combined-stream@ts3.6 fetched in 56ms
37 http fetch GET 304 https://registry.npmjs.org/@types%2fcontent-disposition 72ms (from cache)
38 silly pacote tag manifest for @types/content-disposition@ts3.6 fetched in 74ms
39 http fetch GET 304 https://registry.npmjs.org/@types%2fconcat-map 99ms (from cache)
40 silly pacote tag manifest for @types/concat-map@ts3.6 fetched in 102ms
41 http fetch GET 304 https://registry.npmjs.org/@types%2fcookie 95ms (from cache)
42 http fetch GET 304 https://registry.npmjs.org/@types%2fbrace-expansion 603ms (from cache)
43 http fetch GET 304 https://registry.npmjs.org/@types%2fcontent-type 103ms (from cache)
44 silly pacote tag manifest for @types/cookie@ts3.6 fetched in 99ms
45 silly pacote tag manifest for @types/brace-expansion@ts3.6 fetched in 607ms
46 silly pacote tag manifest for @types/content-type@ts3.6 fetched in 107ms
47 http fetch GET 304 https://registry.npmjs.org/@types%2fcookie-signature 59ms (from cache)
48 silly pacote tag manifest for @types/cookie-signature@ts3.6 fetched in 60ms
49 http fetch GET 304 https://registry.npmjs.org/@types%2fdashdash 78ms (from cache)
50 silly pacote tag manifest for @types/dashdash@ts3.6 fetched in 80ms
51 http fetch GET 304 https://registry.npmjs.org/@types%2fdebug 65ms (from cache)
52 silly pacote tag manifest for @types/debug@ts3.6 fetched in 67ms
53 http fetch GET 304 https://registry.npmjs.org/@types%2fdeep-extend 575ms (from cache)
54 silly pacote tag manifest for @types/deep-extend@ts3.6 fetched in 577ms
55 http fetch GET 304 https://registry.npmjs.org/@types%2fbuffers 1828ms (from cache)
56 silly pacote tag manifest for @types/buffers@ts3.6 fetched in 1830ms
57 http fetch GET 200 https://registry.npmjs.org/@types%2fdelegates 600ms
58 silly fetchPackageMetaData error for @types/delegates@ts3.6 No matching version found for @types/delegates@ts3.6.
59 http fetch GET 304 https://registry.npmjs.org/@types%2fdepd 86ms (from cache)
60 silly pacote tag manifest for @types/depd@ts3.6 fetched in 88ms
61 http fetch GET 304 https://registry.npmjs.org/@types%2fautosize 2247ms (from cache)
62 silly pacote tag manifest for @types/autosize@ts3.6 fetched in 2249ms
63 http fetch GET 304 https://registry.npmjs.org/@types%2fdestroy 88ms (from cache)
64 silly pacote tag manifest for @types/destroy@ts3.6 fetched in 90ms
65 http fetch GET 304 https://registry.npmjs.org/@types%2fbent 2315ms (from cache)
66 silly pacote tag manifest for @types/bent@ts3.6 fetched in 2316ms
67 http fetch GET 304 https://registry.npmjs.org/@types%2fdir-glob 77ms (from cache)
68 silly pacote tag manifest for @types/dir-glob@ts3.6 fetched in 78ms
69 http fetch GET 304 https://registry.npmjs.org/@types%2fbindings 2113ms (from cache)
70 silly pacote tag manifest for @types/bindings@ts3.6 fetched in 2118ms
71 http fetch GET 304 https://registry.npmjs.org/@types%2fbuffer-crc32 2120ms (from cache)
72 silly pacote tag manifest for @types/buffer-crc32@ts3.6 fetched in 2122ms
73 http fetch GET 304 https://registry.npmjs.org/@types%2fencodeurl 56ms (from cache)
74 silly pacote tag manifest for @types/encodeurl@ts3.6 fetched in 57ms
75 http fetch GET 304 https://registry.npmjs.org/@types%2fend-of-stream 74ms (from cache)
76 silly pacote tag manifest for @types/end-of-stream@ts3.6 fetched in 76ms
77 http fetch GET 304 https://registry.npmjs.org/@types%2fbyline 2257ms (from cache)
78 silly pacote tag manifest for @types/byline@ts3.6 fetched in 2259ms
79 http fetch GET 304 https://registry.npmjs.org/@types%2fchecksum 2221ms (from cache)
80 silly pacote tag manifest for @types/checksum@ts3.6 fetched in 2222ms
81 http fetch GET 304 https://registry.npmjs.org/@types%2fetag 78ms (from cache)
82 silly pacote tag manifest for @types/etag@ts3.6 fetched in 81ms
83 http fetch GET 304 https://registry.npmjs.org/@types%2fcss-to-react-native 1802ms (from cache)
84 silly pacote tag manifest for @types/css-to-react-native@ts3.6 fetched in 1804ms
85 http fetch GET 304 https://registry.npmjs.org/@types%2fdetect-libc 573ms (from cache)
86 http fetch GET 304 https://registry.npmjs.org/@types%2fextsprintf 86ms (from cache)
87 silly pacote tag manifest for @types/detect-libc@ts3.6 fetched in 577ms
88 silly pacote tag manifest for @types/extsprintf@ts3.6 fetched in 89ms
89 http fetch GET 304 https://registry.npmjs.org/@types%2fforever-agent 66ms (from cache)
90 silly pacote tag manifest for @types/forever-agent@ts3.6 fetched in 69ms
91 http fetch GET 304 https://registry.npmjs.org/@types%2fdecompress 1917ms (from cache)
92 silly pacote tag manifest for @types/decompress@ts3.6 fetched in 1929ms
93 http fetch GET 304 https://registry.npmjs.org/@types%2fforwarded 68ms (from cache)
94 silly pacote tag manifest for @types/forwarded@ts3.6 fetched in 70ms
95 http fetch GET 304 https://registry.npmjs.org/@types%2fee-first 566ms (from cache)
96 silly pacote tag manifest for @types/ee-first@ts3.6 fetched in 567ms
97 http fetch GET 304 https://registry.npmjs.org/@types%2ffresh 76ms (from cache)
98 silly pacote tag manifest for @types/fresh@ts3.6 fetched in 80ms
99 http fetch GET 304 https://registry.npmjs.org/@types%2ffs-minipass 76ms (from cache)
100 silly registry:manifest no matching version for @types/fs-minipass@ts3.6 in the cache. Forcing revalidation.
101 http fetch GET 304 https://registry.npmjs.org/@types%2fescape-html 574ms (from cache)
102 silly pacote tag manifest for @types/escape-html@ts3.6 fetched in 575ms
103 http fetch GET 200 https://registry.npmjs.org/@types%2ffs-minipass 81ms
104 silly fetchPackageMetaData error for @types/fs-minipass@ts3.6 No matching version found for @types/fs-minipass@ts3.6.
105 http fetch GET 304 https://registry.npmjs.org/@types%2fgetpass 87ms (from cache)
106 silly pacote tag manifest for @types/getpass@ts3.6 fetched in 96ms
107 http fetch GET 304 https://registry.npmjs.org/@types%2ffinalhandler 557ms (from cache)
108 http fetch GET 304 https://registry.npmjs.org/@types%2fgraceful-fs 97ms (from cache)
109 silly pacote tag manifest for @types/finalhandler@ts3.6 fetched in 560ms
110 silly pacote tag manifest for @types/graceful-fs@ts3.6 fetched in 100ms
111 http fetch GET 304 https://registry.npmjs.org/@types%2fhttp-errors 83ms (from cache)
112 silly pacote tag manifest for @types/http-errors@ts3.6 fetched in 85ms
113 http fetch GET 304 https://registry.npmjs.org/@types%2fimurmurhash 91ms (from cache)
114 silly pacote tag manifest for @types/imurmurhash@ts3.6 fetched in 93ms
115 http fetch GET 304 https://registry.npmjs.org/@types%2fini 74ms (from cache)
116 http fetch GET 304 https://registry.npmjs.org/@types%2finherits 84ms (from cache)
117 silly pacote tag manifest for @types/ini@ts3.6 fetched in 77ms
118 silly pacote tag manifest for @types/inherits@ts3.6 fetched in 87ms
119 http fetch GET 304 https://registry.npmjs.org/@types%2ffs-extra 595ms (from cache)
120 silly pacote tag manifest for @types/fs-extra@ts3.6 fetched in 597ms
121 http fetch GET 304 https://registry.npmjs.org/@types%2fis-typedarray 80ms (from cache)
122 silly pacote tag manifest for @types/is-typedarray@ts3.6 fetched in 82ms
123 http fetch GET 304 https://registry.npmjs.org/@types%2fisarray 64ms (from cache)
124 silly pacote tag manifest for @types/isarray@ts3.6 fetched in 65ms
125 http fetch GET 304 https://registry.npmjs.org/@types%2fisexe 74ms (from cache)
126 silly pacote tag manifest for @types/isexe@ts3.6 fetched in 76ms
127 http fetch GET 304 https://registry.npmjs.org/@types%2fjsbn 71ms (from cache)
128 silly pacote tag manifest for @types/jsbn@ts3.6 fetched in 73ms
129 http fetch GET 304 https://registry.npmjs.org/@types%2fjson-schema 93ms (from cache)
130 silly pacote tag manifest for @types/json-schema@ts3.6 fetched in 96ms
131 http fetch GET 304 https://registry.npmjs.org/@types%2fjson-stringify-safe 62ms (from cache)
132 silly pacote tag manifest for @types/json-stringify-safe@ts3.6 fetched in 64ms
133 http fetch GET 304 https://registry.npmjs.org/@types%2fjsonfile 71ms (from cache)
134 silly pacote tag manifest for @types/jsonfile@ts3.6 fetched in 74ms
135 http fetch GET 200 https://registry.npmjs.org/@types%2fjsprim 80ms
136 silly fetchPackageMetaData error for @types/jsprim@ts3.6 No matching version found for @types/jsprim@ts3.6.
137 http fetch GET 304 https://registry.npmjs.org/@types%2fdrivelist 1713ms (from cache)
138 silly pacote tag manifest for @types/drivelist@ts3.6 fetched in 1715ms
139 http fetch GET 304 https://registry.npmjs.org/@types%2flodash 67ms (from cache)
140 silly pacote tag manifest for @types/lodash@ts3.6 fetched in 78ms
141 http fetch GET 304 https://registry.npmjs.org/@types%2flodash.clonedeep 64ms (from cache)
142 silly pacote tag manifest for @types/lodash.clonedeep@ts3.6 fetched in 66ms
143 http fetch GET 304 https://registry.npmjs.org/@types%2flodash.debounce 73ms (from cache)
144 silly pacote tag manifest for @types/lodash.debounce@ts3.6 fetched in 74ms
145 http fetch GET 304 https://registry.npmjs.org/@types%2fdiff 2087ms (from cache)
146 silly pacote tag manifest for @types/diff@ts3.6 fetched in 2089ms
147 http fetch GET 200 https://registry.npmjs.org/@types%2fgauge 1248ms
148 silly fetchPackageMetaData error for @types/gauge@ts3.6 No matching version found for @types/gauge@ts3.6.
149 http fetch GET 304 https://registry.npmjs.org/@types%2fdompurify 2125ms (from cache)
150 silly pacote tag manifest for @types/dompurify@ts3.6 fetched in 2128ms
151 http fetch GET 304 https://registry.npmjs.org/@types%2flodash.throttle 196ms (from cache)
152 silly pacote tag manifest for @types/lodash.throttle@ts3.6 fetched in 198ms
153 http fetch GET 304 https://registry.npmjs.org/@types%2fmedia-typer 79ms (from cache)
154 silly pacote tag manifest for @types/media-typer@ts3.6 fetched in 80ms
155 http fetch GET 304 https://registry.npmjs.org/@types%2fmerge-descriptors 74ms (from cache)
156 silly pacote tag manifest for @types/merge-descriptors@ts3.6 fetched in 77ms
157 http fetch GET 304 https://registry.npmjs.org/@types%2fevent-stream 2105ms (from cache)
158 silly pacote tag manifest for @types/event-stream@ts3.6 fetched in 2108ms
159 http fetch GET 304 https://registry.npmjs.org/@types%2ffrom 1763ms (from cache)
160 http fetch GET 304 https://registry.npmjs.org/@types%2fextend 2050ms (from cache)
161 silly pacote tag manifest for @types/from@ts3.6 fetched in 1767ms
162 silly pacote tag manifest for @types/extend@ts3.6 fetched in 2054ms
163 http fetch GET 304 https://registry.npmjs.org/@types%2fmethods 61ms (from cache)
164 silly pacote tag manifest for @types/methods@ts3.6 fetched in 73ms
165 http fetch GET 304 https://registry.npmjs.org/@types%2fmime-db 82ms (from cache)
166 http fetch GET 304 https://registry.npmjs.org/@types%2fmime 110ms (from cache)
167 silly pacote tag manifest for @types/mime-db@ts3.6 fetched in 95ms
168 silly pacote tag manifest for @types/mime@ts3.6 fetched in 114ms
169 http fetch GET 304 https://registry.npmjs.org/@types%2fminimist 89ms (from cache)
170 silly pacote tag manifest for @types/minimist@ts3.6 fetched in 92ms
171 http fetch GET 304 https://registry.npmjs.org/@types%2fminizlib 72ms (from cache)
172 silly pacote tag manifest for @types/minizlib@ts3.6 fetched in 74ms
173 http fetch GET 304 https://registry.npmjs.org/@types%2fms 88ms (from cache)
174 silly pacote tag manifest for @types/ms@ts3.6 fetched in 90ms
175 http fetch GET 304 https://registry.npmjs.org/@types%2fnegotiator 69ms (from cache)
176 silly pacote tag manifest for @types/negotiator@ts3.6 fetched in 71ms
177 http fetch GET 304 https://registry.npmjs.org/@types%2fnpmlog 77ms (from cache)
178 silly pacote tag manifest for @types/npmlog@ts3.6 fetched in 80ms
179 http fetch GET 304 https://registry.npmjs.org/@types%2fnumber-is-nan 208ms (from cache)
180 silly pacote tag manifest for @types/number-is-nan@ts3.6 fetched in 211ms
181 http fetch GET 304 https://registry.npmjs.org/@types%2fobject-assign 78ms (from cache)
182 silly pacote tag manifest for @types/object-assign@ts3.6 fetched in 80ms
183 http fetch GET 304 https://registry.npmjs.org/@types%2fmime-types 607ms (from cache)
184 silly pacote tag manifest for @types/mime-types@ts3.6 fetched in 609ms
185 http fetch GET 304 https://registry.npmjs.org/@types%2fon-finished 90ms (from cache)
186 silly pacote tag manifest for @types/on-finished@ts3.6 fetched in 92ms
187 http fetch GET 304 https://registry.npmjs.org/@types%2fis-natural-number 2113ms (from cache)
188 silly pacote tag manifest for @types/is-natural-number@ts3.6 fetched in 2114ms
189 http fetch GET 304 https://registry.npmjs.org/@types%2fisstream 2145ms (from cache)
190 silly pacote tag manifest for @types/isstream@ts3.6 fetched in 2147ms
191 http fetch GET 304 https://registry.npmjs.org/@types%2flinkify-it 1748ms (from cache)
192 silly pacote tag manifest for @types/linkify-it@ts3.6 fetched in 1750ms
193 http fetch GET 304 https://registry.npmjs.org/@types%2fparseurl 68ms (from cache)
194 silly pacote tag manifest for @types/parseurl@ts3.6 fetched in 70ms
195 http fetch GET 304 https://registry.npmjs.org/@types%2fonce 589ms (from cache)
196 silly pacote tag manifest for @types/once@ts3.6 fetched in 590ms
197 http fetch GET 304 https://registry.npmjs.org/@types%2fpath-is-absolute 103ms (from cache)
198 silly pacote tag manifest for @types/path-is-absolute@ts3.6 fetched in 105ms
199 http fetch GET 304 https://registry.npmjs.org/@types%2fpify 74ms (from cache)
200 silly pacote tag manifest for @types/pify@ts3.6 fetched in 76ms
201 http fetch GET 304 https://registry.npmjs.org/@types%2fprogress 61ms (from cache)
202 silly pacote tag manifest for @types/progress@ts3.6 fetched in 63ms
203 http fetch GET 304 https://registry.npmjs.org/@types%2fprop-types 102ms (from cache)
204 silly pacote tag manifest for @types/prop-types@ts3.6 fetched in 104ms
205 http fetch GET 304 https://registry.npmjs.org/@types%2fproxy-addr 69ms (from cache)
206 silly pacote tag manifest for @types/proxy-addr@ts3.6 fetched in 71ms
207 http fetch GET 200 https://registry.npmjs.org/@types%2fmap-stream 2085ms
208 silly fetchPackageMetaData error for @types/map-stream@ts3.6 No matching version found for @types/map-stream@ts3.6.
209 http fetch GET 304 https://registry.npmjs.org/@types%2fmarkdown-it 2096ms (from cache)
210 silly pacote tag manifest for @types/markdown-it@ts3.6 fetched in 2098ms
211 http fetch GET 304 https://registry.npmjs.org/@types%2fnode-abi 1723ms (from cache)
212 silly pacote tag manifest for @types/node-abi@ts3.6 fetched in 1724ms
213 http fetch GET 304 https://registry.npmjs.org/@types%2fmdurl 2200ms (from cache)
214 silly pacote tag manifest for @types/mdurl@ts3.6 fetched in 2202ms
215 http fetch GET 304 https://registry.npmjs.org/@types%2fpump 78ms (from cache)
216 silly pacote tag manifest for @types/pump@ts3.6 fetched in 80ms
217 http fetch GET 304 https://registry.npmjs.org/@types%2fpunycode 64ms (from cache)
218 silly pacote tag manifest for @types/punycode@ts3.6 fetched in 66ms
219 http fetch GET 304 https://registry.npmjs.org/@types%2frange-parser 69ms (from cache)
220 silly pacote tag manifest for @types/range-parser@ts3.6 fetched in 70ms
221 http fetch GET 304 https://registry.npmjs.org/@types%2fqs 111ms (from cache)
222 silly pacote tag manifest for @types/qs@ts3.6 fetched in 113ms
223 http fetch GET 304 https://registry.npmjs.org/@types%2freact 81ms (from cache)
224 silly pacote tag manifest for @types/react@ts3.6 fetched in 90ms
225 http fetch GET 304 https://registry.npmjs.org/@types%2fnested-error-stacks 2096ms (from cache)
226 http fetch GET 304 https://registry.npmjs.org/@types%2freact-dom 67ms (from cache)
227 silly pacote tag manifest for @types/nested-error-stacks@ts3.6 fetched in 2099ms
228 silly pacote tag manifest for @types/react-dom@ts3.6 fetched in 74ms
229 http fetch GET 304 https://registry.npmjs.org/@types%2freact-is 63ms (from cache)
230 silly pacote tag manifest for @types/react-is@ts3.6 fetched in 65ms
231 http fetch GET 304 https://registry.npmjs.org/@types%2fpsl 579ms (from cache)
232 silly pacote tag manifest for @types/psl@ts3.6 fetched in 581ms
233 http fetch GET 304 https://registry.npmjs.org/@types%2foniguruma 1750ms (from cache)
234 silly pacote tag manifest for @types/oniguruma@ts3.6 fetched in 1752ms
235 http fetch GET 304 https://registry.npmjs.org/@types%2fregenerator-runtime 68ms (from cache)
236 silly pacote tag manifest for @types/regenerator-runtime@ts3.6 fetched in 69ms
237 http fetch GET 304 https://registry.npmjs.org/@types%2frequest 74ms (from cache)
238 silly pacote tag manifest for @types/request@ts3.6 fetched in 76ms
239 http fetch GET 304 https://registry.npmjs.org/@types%2frc 579ms (from cache)
240 silly pacote tag manifest for @types/rc@ts3.6 fetched in 581ms
241 http fetch GET 304 https://registry.npmjs.org/@types%2frequire-directory 72ms (from cache)
242 silly pacote tag manifest for @types/require-directory@ts3.6 fetched in 74ms
243 http fetch GET 304 https://registry.npmjs.org/@types%2freadable-stream 588ms (from cache)
244 silly pacote tag manifest for @types/readable-stream@ts3.6 fetched in 589ms
245 http fetch GET 304 https://registry.npmjs.org/@types%2foptimist 2125ms (from cache)
246 silly pacote tag manifest for @types/optimist@ts3.6 fetched in 2126ms
247 http fetch GET 304 https://registry.npmjs.org/@types%2fproxy-from-env 1724ms (from cache)
248 http fetch GET 304 https://registry.npmjs.org/@types%2fpdfobject 2131ms (from cache)
249 http fetch GET 304 https://registry.npmjs.org/@types%2fos-homedir 2268ms (from cache)
250 silly pacote tag manifest for @types/proxy-from-env@ts3.6 fetched in 1735ms
251 silly pacote tag manifest for @types/os-homedir@ts3.6 fetched in 2271ms
252 silly pacote tag manifest for @types/pdfobject@ts3.6 fetched in 2145ms
253 http fetch GET 304 https://registry.npmjs.org/@types%2fscheduler 80ms (from cache)
254 silly pacote tag manifest for @types/scheduler@ts3.6 fetched in 83ms
255 http fetch GET 304 https://registry.npmjs.org/@types%2fsend 78ms (from cache)
256 silly pacote tag manifest for @types/send@ts3.6 fetched in 79ms
257 http fetch GET 304 https://registry.npmjs.org/@types%2fset-blocking 74ms (from cache)
258 http fetch GET 304 https://registry.npmjs.org/@types%2fserve-static 81ms (from cache)
259 silly registry:manifest no matching version for @types/set-blocking@ts3.6 in the cache. Forcing revalidation.
260 silly pacote tag manifest for @types/serve-static@ts3.6 fetched in 85ms
261 http fetch GET 304 https://registry.npmjs.org/@types%2fsafer-buffer 592ms (from cache)
262 silly pacote tag manifest for @types/safer-buffer@ts3.6 fetched in 593ms
263 http fetch GET 200 https://registry.npmjs.org/@types%2fset-blocking 63ms
264 silly fetchPackageMetaData error for @types/set-blocking@ts3.6 No matching version found for @types/set-blocking@ts3.6.
265 http fetch GET 304 https://registry.npmjs.org/@types%2fps-tree 2178ms (from cache)
266 silly pacote tag manifest for @types/ps-tree@ts3.6 fetched in 2179ms
267 http fetch GET 304 https://registry.npmjs.org/@types%2fsplit 62ms (from cache)
268 silly pacote tag manifest for @types/split@ts3.6 fetched in 64ms
269 http fetch GET 304 https://registry.npmjs.org/@types%2fsemver 637ms (from cache)
270 silly pacote tag manifest for @types/semver@ts3.6 fetched in 640ms
271 http fetch GET 304 https://registry.npmjs.org/@types%2freact-virtualized 1738ms (from cache)
272 silly pacote tag manifest for @types/react-virtualized@ts3.6 fetched in 1742ms
273 http fetch GET 304 https://registry.npmjs.org/@types%2fsignal-exit 550ms (from cache)
274 silly pacote tag manifest for @types/signal-exit@ts3.6 fetched in 552ms
275 http fetch GET 304 https://registry.npmjs.org/@types%2fsshpk 61ms (from cache)
276 silly pacote tag manifest for @types/sshpk@ts3.6 fetched in 63ms
277 http fetch GET 304 https://registry.npmjs.org/@types%2frequestretry 1675ms (from cache)
278 silly pacote tag manifest for @types/requestretry@ts3.6 fetched in 1677ms
279 http fetch GET 304 https://registry.npmjs.org/@types%2fstyled-components 181ms (from cache)
280 silly pacote tag manifest for @types/styled-components@ts3.6 fetched in 185ms
281 http fetch GET 304 https://registry.npmjs.org/@types%2fsupports-color 98ms (from cache)
282 silly pacote tag manifest for @types/supports-color@ts3.6 fetched in 100ms
283 http fetch GET 304 https://registry.npmjs.org/@types%2freact-lifecycles-compat 2110ms (from cache)
284 silly pacote tag manifest for @types/react-lifecycles-compat@ts3.6 fetched in 2112ms
285 http fetch GET 304 https://registry.npmjs.org/@types%2ftar 66ms (from cache)
286 silly pacote tag manifest for @types/tar@ts3.6 fetched in 67ms
287 http fetch GET 304 https://registry.npmjs.org/@types%2fthrough 74ms (from cache)
288 silly pacote tag manifest for @types/through@ts3.6 fetched in 78ms
289 http fetch GET 304 https://registry.npmjs.org/@types%2fsprintf 575ms (from cache)
290 silly pacote tag manifest for @types/sprintf@ts3.6 fetched in 577ms
291 http fetch GET 304 https://registry.npmjs.org/@types%2ftoidentifier 72ms (from cache)
292 silly registry:manifest no matching version for @types/toidentifier@ts3.6 in the cache. Forcing revalidation.
293 http fetch GET 304 https://registry.npmjs.org/@types%2fsprintf-js 557ms (from cache)
294 silly pacote tag manifest for @types/sprintf-js@ts3.6 fetched in 562ms
295 http fetch GET 304 https://registry.npmjs.org/@types%2ftough-cookie 63ms (from cache)
296 silly pacote tag manifest for @types/tough-cookie@ts3.6 fetched in 64ms
297 http fetch GET 200 https://registry.npmjs.org/@types%2ftoidentifier 89ms
298 silly fetchPackageMetaData error for @types/toidentifier@ts3.6 No matching version found for @types/toidentifier@ts3.6.
299 http fetch GET 304 https://registry.npmjs.org/@types%2ftype-is 51ms (from cache)
300 silly pacote tag manifest for @types/type-is@ts3.6 fetched in 52ms
301 http fetch GET 304 https://registry.npmjs.org/@types%2fstatuses 587ms (from cache)
302 silly pacote tag manifest for @types/statuses@ts3.6 fetched in 589ms
303 http fetch GET 304 https://registry.npmjs.org/@types%2funiversalify 51ms (from cache)
304 silly pacote tag manifest for @types/universalify@ts3.6 fetched in 53ms
305 http fetch GET 304 https://registry.npmjs.org/@types%2froute-parser 2123ms (from cache)
306 silly pacote tag manifest for @types/route-parser@ts3.6 fetched in 2125ms
307 http fetch GET 304 https://registry.npmjs.org/@types%2futil-deprecate 48ms (from cache)
308 silly pacote tag manifest for @types/util-deprecate@ts3.6 fetched in 49ms
309 http fetch GET 304 https://registry.npmjs.org/@types%2fsanitize-html 2212ms (from cache)
310 silly pacote tag manifest for @types/sanitize-html@ts3.6 fetched in 2214ms
311 http fetch GET 200 https://registry.npmjs.org/@types%2fsimple-get 1713ms
312 silly fetchPackageMetaData error for @types/simple-get@ts3.6 No matching version found for @types/simple-get@ts3.6.
313 http fetch GET 304 https://registry.npmjs.org/@types%2fuuid 67ms (from cache)
314 silly pacote tag manifest for @types/uuid@ts3.6 fetched in 68ms
315 http fetch GET 304 https://registry.npmjs.org/@types%2fvary 71ms (from cache)
316 silly pacote tag manifest for @types/vary@ts3.6 fetched in 72ms
317 http fetch GET 304 https://registry.npmjs.org/@types%2fverror 52ms (from cache)
318 silly pacote tag manifest for @types/verror@ts3.6 fetched in 54ms
319 http fetch GET 304 https://registry.npmjs.org/@types%2futils-merge 566ms (from cache)
320 silly pacote tag manifest for @types/utils-merge@ts3.6 fetched in 567ms
321 http fetch GET 304 https://registry.npmjs.org/@types%2fwhich 59ms (from cache)
322 silly pacote tag manifest for @types/which@ts3.6 fetched in 61ms
323 http fetch GET 304 https://registry.npmjs.org/@types%2fwhich-pm-runs 58ms (from cache)
324 silly pacote tag manifest for @types/which-pm-runs@ts3.6 fetched in 59ms
325 http fetch GET 304 https://registry.npmjs.org/@types%2fshowdown 2108ms (from cache)
326 silly pacote tag manifest for @types/showdown@ts3.6 fetched in 2110ms
327 http fetch GET 304 https://registry.npmjs.org/@types%2fwrap-ansi 61ms (from cache)
328 silly pacote tag manifest for @types/wrap-ansi@ts3.6 fetched in 63ms
329 http fetch GET 304 https://registry.npmjs.org/@types%2fws 55ms (from cache)
330 silly pacote tag manifest for @types/ws@ts3.6 fetched in 57ms
331 http fetch GET 304 https://registry.npmjs.org/@types%2fxtend 80ms (from cache)
332 silly pacote tag manifest for @types/xtend@ts3.6 fetched in 81ms
333 http fetch GET 304 https://registry.npmjs.org/@types%2fyallist 56ms (from cache)
334 silly pacote tag manifest for @types/yallist@ts3.6 fetched in 57ms
335 http fetch GET 304 https://registry.npmjs.org/@types%2fyargs 60ms (from cache)
336 silly pacote tag manifest for @types/yargs@ts3.6 fetched in 75ms
337 http fetch GET 304 https://registry.npmjs.org/@types%2fyauzl 62ms (from cache)
338 silly pacote tag manifest for @types/yauzl@ts3.6 fetched in 63ms
339 http fetch GET 304 https://registry.npmjs.org/@types%2ftar-fs 1701ms (from cache)
340 silly pacote tag manifest for @types/tar-fs@ts3.6 fetched in 1703ms
341 http fetch GET 200 https://registry.npmjs.org/@types%2funbzip2-stream 1743ms
342 silly fetchPackageMetaData error for @types/unbzip2-stream@ts3.6 No matching version found for @types/unbzip2-stream@ts3.6.
343 http fetch GET 304 https://registry.npmjs.org/@types%2ftar-stream 2211ms (from cache)
344 silly pacote tag manifest for @types/tar-stream@ts3.6 fetched in 2212ms
345 http fetch GET 304 https://registry.npmjs.org/@types%2fuser-home 2091ms (from cache)
346 silly pacote tag manifest for @types/user-home@ts3.6 fetched in 2092ms
347 http fetch GET 304 https://registry.npmjs.org/@types%2ftraverse 2274ms (from cache)
348 silly pacote tag manifest for @types/traverse@ts3.6 fetched in 2276ms
349 http fetch GET 304 https://registry.npmjs.org/@types%2funzip-stream 2189ms (from cache)
350 silly pacote tag manifest for @types/unzip-stream@ts3.6 fetched in 2191ms
351 http fetch GET 304 https://registry.npmjs.org/@types%2fvhost 1722ms (from cache)
352 silly pacote tag manifest for @types/vhost@ts3.6 fetched in 1724ms
353 http fetch GET 304 https://registry.npmjs.org/@types%2fwhen 2113ms (from cache)
354 silly pacote tag manifest for @types/when@ts3.6 fetched in 2116ms
355 http fetch GET 304 https://registry.npmjs.org/@types%2fwordwrap 2455ms (from cache)
356 silly pacote tag manifest for @types/wordwrap@ts3.6 fetched in 2457ms
357 timing stage:rollbackFailedOptional Completed in 0ms
358 timing stage:runTopLevelLifecycles Completed in 12863ms
359 verbose type tag
360 verbose stack @types/delegates: No matching version found for @types/delegates@ts3.6.
360 verbose stack     at pickManifest (/usr/local/lib/node_modules/npm/node_modules/npm-pick-manifest/index.js:122:13)
360 verbose stack     at /usr/local/lib/node_modules/npm/node_modules/pacote/lib/fetchers/registry/manifest.js:24:14
360 verbose stack     at tryCatcher (/usr/local/lib/node_modules/npm/node_modules/bluebird/js/release/util.js:16:23)
360 verbose stack     at Promise._settlePromiseFromHandler (/usr/local/lib/node_modules/npm/node_modules/bluebird/js/release/promise.js:517:31)
360 verbose stack     at Promise._settlePromise (/usr/local/lib/node_modules/npm/node_modules/bluebird/js/release/promise.js:574:18)
360 verbose stack     at Promise._settlePromise0 (/usr/local/lib/node_modules/npm/node_modules/bluebird/js/release/promise.js:619:10)
360 verbose stack     at Promise._settlePromises (/usr/local/lib/node_modules/npm/node_modules/bluebird/js/release/promise.js:699:18)
360 verbose stack     at _drainQueueStep (/usr/local/lib/node_modules/npm/node_modules/bluebird/js/release/async.js:138:12)
360 verbose stack     at _drainQueue (/usr/local/lib/node_modules/npm/node_modules/bluebird/js/release/async.js:131:9)
360 verbose stack     at Async._drainQueues (/usr/local/lib/node_modules/npm/node_modules/bluebird/js/release/async.js:147:5)
360 verbose stack     at Immediate.Async.drainQueues [as _onImmediate] (/usr/local/lib/node_modules/npm/node_modules/bluebird/js/release/async.js:17:14)
360 verbose stack     at processImmediate (internal/timers.js:456:21)
361 verbose cwd /home/theia/.cache/typescript/3.6
362 verbose Linux 5.15.90.1-microsoft-standard-WSL2
363 verbose argv "/usr/local/bin/node" "/usr/local/bin/npm" "install" "--ignore-scripts" "@types/accepts@ts3.6" "@types/are-we-there-yet@ts3.6" "@types/argparse@ts3.6" "@types/asn1@ts3.6" "@types/assert-plus@ts3.6" "@types/autosize@ts3.6" "@types/aws4@ts3.6" "@types/babel-plugin-syntax-jsx@ts3.6" "@types/balanced-match@ts3.6" "@types/bent@ts3.6" "@types/bindings@ts3.6" "@types/body-parser@ts3.6" "@types/brace-expansion@ts3.6" "@types/buffer-crc32@ts3.6" "@types/buffers@ts3.6" "@types/byline@ts3.6" "@types/bytes@ts3.6" "@types/caseless@ts3.6" "@types/checksum@ts3.6" "@types/chownr@ts3.6" "@types/color-convert@ts3.6" "@types/color-name@ts3.6" "@types/combined-stream@ts3.6" "@types/concat-map@ts3.6" "@types/content-disposition@ts3.6" "@types/content-type@ts3.6" "@types/cookie@ts3.6" "@types/cookie-signature@ts3.6" "@types/css-to-react-native@ts3.6" "@types/dashdash@ts3.6" "@types/debug@ts3.6" "@types/decompress@ts3.6" "@types/deep-extend@ts3.6" "@types/delegates@ts3.6" "@types/depd@ts3.6" "@types/destroy@ts3.6" "@types/detect-libc@ts3.6" "@types/diff@ts3.6" "@types/dir-glob@ts3.6" "@types/dompurify@ts3.6" "@types/drivelist@ts3.6" "@types/ee-first@ts3.6" "@types/encodeurl@ts3.6" "@types/end-of-stream@ts3.6" "@types/escape-html@ts3.6" "@types/etag@ts3.6" "@types/event-stream@ts3.6" "@types/extend@ts3.6" "@types/extsprintf@ts3.6" "@types/finalhandler@ts3.6" "@types/forever-agent@ts3.6" "@types/forwarded@ts3.6" "@types/fresh@ts3.6" "@types/from@ts3.6" "@types/fs-extra@ts3.6" "@types/fs-minipass@ts3.6" "@types/gauge@ts3.6" "@types/getpass@ts3.6" "@types/graceful-fs@ts3.6" "@types/http-errors@ts3.6" "@types/imurmurhash@ts3.6" "@types/inherits@ts3.6" "@types/ini@ts3.6" "@types/is-natural-number@ts3.6" "@types/is-typedarray@ts3.6" "@types/isarray@ts3.6" "@types/isexe@ts3.6" "@types/isstream@ts3.6" "@types/jsbn@ts3.6" "@types/json-schema@ts3.6" "@types/json-stringify-safe@ts3.6" "@types/jsonfile@ts3.6" "@types/jsprim@ts3.6" "@types/linkify-it@ts3.6" "@types/lodash@ts3.6" "@types/lodash.clonedeep@ts3.6" "@types/lodash.debounce@ts3.6" "@types/lodash.throttle@ts3.6" "@types/map-stream@ts3.6" "@types/markdown-it@ts3.6" "@types/mdurl@ts3.6" "@types/media-typer@ts3.6" "@types/merge-descriptors@ts3.6" "@types/methods@ts3.6" "@types/mime@ts3.6" "@types/mime-db@ts3.6" "@types/mime-types@ts3.6" "@types/minimist@ts3.6" "@types/minizlib@ts3.6" "@types/ms@ts3.6" "@types/negotiator@ts3.6" "@types/nested-error-stacks@ts3.6" "@types/node-abi@ts3.6" "@types/npmlog@ts3.6" "@types/number-is-nan@ts3.6" "@types/object-assign@ts3.6" "@types/on-finished@ts3.6" "@types/once@ts3.6" "@types/oniguruma@ts3.6" "@types/optimist@ts3.6" "@types/os-homedir@ts3.6" "@types/parseurl@ts3.6" "@types/path-is-absolute@ts3.6" "@types/pdfobject@ts3.6" "@types/pify@ts3.6" "@types/progress@ts3.6" "@types/prop-types@ts3.6" "@types/proxy-addr@ts3.6" "@types/proxy-from-env@ts3.6" "@types/ps-tree@ts3.6" "@types/psl@ts3.6" "@types/pump@ts3.6" "@types/punycode@ts3.6" "@types/qs@ts3.6" "@types/range-parser@ts3.6" "@types/rc@ts3.6" "@types/react@ts3.6" "@types/react-dom@ts3.6" "@types/react-is@ts3.6" "@types/react-lifecycles-compat@ts3.6" "@types/react-virtualized@ts3.6" "@types/readable-stream@ts3.6" "@types/regenerator-runtime@ts3.6" "@types/request@ts3.6" "@types/requestretry@ts3.6" "@types/require-directory@ts3.6" "@types/route-parser@ts3.6" "@types/safer-buffer@ts3.6" "@types/sanitize-html@ts3.6" "@types/scheduler@ts3.6" "@types/semver@ts3.6" "@types/send@ts3.6" "@types/serve-static@ts3.6" "@types/set-blocking@ts3.6" "@types/showdown@ts3.6" "@types/signal-exit@ts3.6" "@types/simple-get@ts3.6" "@types/split@ts3.6" "@types/sprintf@ts3.6" "@types/sprintf-js@ts3.6" "@types/sshpk@ts3.6" "@types/statuses@ts3.6" "@types/styled-components@ts3.6" "@types/supports-color@ts3.6" "@types/tar@ts3.6" "@types/tar-fs@ts3.6" "@types/tar-stream@ts3.6" "@types/through@ts3.6" "@types/toidentifier@ts3.6" "@types/tough-cookie@ts3.6" "@types/traverse@ts3.6" "@types/type-is@ts3.6" "@types/unbzip2-stream@ts3.6" "@types/universalify@ts3.6" "@types/unzip-stream@ts3.6" "@types/user-home@ts3.6" "@types/util-deprecate@ts3.6" "@types/utils-merge@ts3.6" "@types/uuid@ts3.6" "@types/vary@ts3.6" "@types/verror@ts3.6" "@types/vhost@ts3.6" "@types/when@ts3.6" "@types/which@ts3.6" "@types/which-pm-runs@ts3.6" "@types/wordwrap@ts3.6" "@types/wrap-ansi@ts3.6" "@types/ws@ts3.6" "@types/xtend@ts3.6" "@types/yallist@ts3.6" "@types/yargs@ts3.6" "@types/yauzl@ts3.6" "--save-dev" "--user-agent=typesInstaller/3.6.3"
364 verbose node v12.18.3
365 verbose npm  v6.14.6
366 error code ETARGET
367 error notarget No matching version found for @types/delegates@ts3.6.
368 error notarget In most cases you or one of your dependencies are requesting
368 error notarget a package version that doesn't exist.
369 verbose exit [ 1, true ]
